<?xml version="1.0" encoding="UTF-8"?>
<!-- Generated by org.testng.reporters.JUnitReportReporter -->
<testsuite hostname="INFVA1158" name="example.NewTest" tests="1" failures="0" timestamp="9 May 2017 12:43:37 GMT" time="20.666" errors="0">
  <testcase name="f" time="20.666" classname="example.NewTest"/>
</testsuite> <!-- example.NewTest -->
