<?xml version="1.0" encoding="UTF-8"?>
<!-- Generated by org.testng.reporters.JUnitReportReporter -->
<testsuite hostname="INFVA1158" name="example.NewTest" tests="1" failures="0" timestamp="10 May 2017 08:36:43 GMT" time="4.028" errors="0">
  <testcase name="f" time="4.028" classname="example.NewTest"/>
</testsuite> <!-- example.NewTest -->
