<?xml version="1.0" encoding="UTF-8"?>
<!-- Generated by org.testng.reporters.JUnitReportReporter -->
<testsuite hostname="INFVA1158" name="example.NewTest" tests="1" failures="0" timestamp="9 May 2017 13:23:30 GMT" time="3.413" errors="0">
  <testcase name="f" time="3.413" classname="example.NewTest"/>
</testsuite> <!-- example.NewTest -->
